[debug] [2021-10-31T08:43:06.243Z] ----------------------------------------------------------------------
[debug] [2021-10-31T08:43:06.247Z] Command:       /usr/local/bin/node /usr/local/bin/firebase emulators:start
[debug] [2021-10-31T08:43:06.250Z] CLI Version:   9.21.0
[debug] [2021-10-31T08:43:06.250Z] Platform:      darwin
[debug] [2021-10-31T08:43:06.250Z] Node Version:  v14.17.3
[debug] [2021-10-31T08:43:06.251Z] Time:          Sun Oct 31 2021 15:43:06 GMT+0700 (Indochina Time)
[debug] [2021-10-31T08:43:06.251Z] ----------------------------------------------------------------------
[debug] 
[debug] [2021-10-31T08:43:06.334Z] > command requires scopes: ["email","openid","https://www.googleapis.com/auth/cloudplatformprojects.readonly","https://www.googleapis.com/auth/firebase","https://www.googleapis.com/auth/cloud-platform"]
[debug] [2021-10-31T08:43:06.334Z] > authorizing via signed-in user (kan1657@gmail.com)
[info] i  emulators: Starting emulators: functions {"metadata":{"emulator":{"name":"hub"},"message":"Starting emulators: functions"}}
[debug] [2021-10-31T08:43:06.418Z] [hub] writing locator at /tmp/hub-clone-ver2.json
[warn] ⚠  functions: The following emulators are not running, calls to these services from the Functions emulator will affect production: auth, firestore, database, hosting, pubsub, storage {"metadata":{"emulator":{"name":"functions"},"message":"The following emulators are not running, calls to these services from the Functions emulator will affect production: \u001b[1mauth, firestore, database, hosting, pubsub, storage\u001b[22m"}}
[info] ✔  functions: Using node@14 from host. {"metadata":{"emulator":{"name":"functions"},"message":"Using node@14 from host."}}
[debug] [2021-10-31T08:43:06.475Z] defaultcredentials: writing to file /Users/kankunnawat/.config/firebase/kan1657_gmail_com_application_default_credentials.json
[debug] [2021-10-31T08:43:06.480Z] Setting GAC to /Users/kankunnawat/.config/firebase/kan1657_gmail_com_application_default_credentials.json {"metadata":{"emulator":{"name":"functions"},"message":"Setting GAC to /Users/kankunnawat/.config/firebase/kan1657_gmail_com_application_default_credentials.json"}}
[debug] [2021-10-31T08:43:06.483Z] > refreshing access token with scopes: []
[debug] [2021-10-31T08:43:06.484Z] >>> HTTP REQUEST POST https://www.googleapis.com/oauth2/v3/token  
 <request body omitted>
[debug] [2021-10-31T08:43:06.618Z] <<< HTTP RESPONSE 200 {"pragma":"no-cache","cache-control":"no-cache, no-store, max-age=0, must-revalidate","expires":"Mon, 01 Jan 1990 00:00:00 GMT","date":"Sun, 31 Oct 2021 08:43:56 GMT","content-type":"application/json; charset=utf-8","vary":"X-Origin, Referer, Origin,Accept-Encoding","server":"scaffolding on HTTPServer2","x-xss-protection":"0","x-frame-options":"SAMEORIGIN","x-content-type-options":"nosniff","alt-svc":"h3=\":443\"; ma=2592000,h3-29=\":443\"; ma=2592000,h3-Q050=\":443\"; ma=2592000,h3-Q046=\":443\"; ma=2592000,h3-Q043=\":443\"; ma=2592000,quic=\":443\"; ma=2592000; v=\"46,43\"","accept-ranges":"none","transfer-encoding":"chunked"}
[debug] [2021-10-31T08:43:06.647Z] >>> [apiv2][query] GET https://firebase.googleapis.com/v1beta1/projects/clone-ver2/adminSdkConfig [none]
[debug] [2021-10-31T08:43:07.042Z] <<< [apiv2][status] GET https://firebase.googleapis.com/v1beta1/projects/clone-ver2/adminSdkConfig 200
[debug] [2021-10-31T08:43:07.042Z] <<< [apiv2][body] GET https://firebase.googleapis.com/v1beta1/projects/clone-ver2/adminSdkConfig {"projectId":"clone-ver2","storageBucket":"clone-ver2.appspot.com","locationId":"us-central"}
[debug] [2021-10-31T08:43:07.329Z] Ignoring unsupported arg: auto_download {"metadata":{"emulator":{"name":"ui"},"message":"Ignoring unsupported arg: auto_download"}}
[debug] [2021-10-31T08:43:07.330Z] Ignoring unsupported arg: port {"metadata":{"emulator":{"name":"ui"},"message":"Ignoring unsupported arg: port"}}
[debug] [2021-10-31T08:43:07.330Z] Starting Emulator UI with command {"binary":"node","args":["/Users/kankunnawat/.cache/firebase/emulators/ui-v1.6.4/server.bundle.js"],"optionalArgs":[],"joinArgs":false} {"metadata":{"emulator":{"name":"ui"},"message":"Starting Emulator UI with command {\"binary\":\"node\",\"args\":[\"/Users/kankunnawat/.cache/firebase/emulators/ui-v1.6.4/server.bundle.js\"],\"optionalArgs\":[],\"joinArgs\":false}"}}
[info] i  ui: Emulator UI logging to ui-debug.log {"metadata":{"emulator":{"name":"ui"},"message":"Emulator UI logging to \u001b[1mui-debug.log\u001b[22m"}}
[debug] [2021-10-31T08:43:07.445Z] Web / API server started at localhost:4000
 {"metadata":{"emulator":{"name":"ui"},"message":"Web / API server started at localhost:4000\n"}}
[info] i  functions: Watching "/Users/kankunnawat/Code/amazon-clone-ver2/functions" for Cloud Functions... {"metadata":{"emulator":{"name":"functions"},"message":"Watching \"/Users/kankunnawat/Code/amazon-clone-ver2/functions\" for Cloud Functions..."}}
[debug] [2021-10-31T08:43:07.611Z] [worker-pool] addWorker(~diagnostic~) {"metadata":{"emulator":{"name":"functions"},"message":"[worker-pool] addWorker(~diagnostic~)"}}
[debug] [2021-10-31T08:43:07.612Z] [worker-pool] Adding worker with key ~diagnostic~, total=1 {"metadata":{"emulator":{"name":"functions"},"message":"[worker-pool] Adding worker with key ~diagnostic~, total=1"}}
[debug] [2021-10-31T08:43:07.612Z] [worker-pool] submitWork(triggerId=) {"metadata":{"emulator":{"name":"functions"},"message":"[worker-pool] submitWork(triggerId=)"}}
[debug] [2021-10-31T08:43:07.612Z] [worker-~diagnostic~-7eaab7db-b2c9-4ffa-bd69-dc9c81953c44]: Assigning socketPath: /tmp/fire_emu_31699.sock {"metadata":{"emulator":{"name":"functions"},"message":"[worker-~diagnostic~-7eaab7db-b2c9-4ffa-bd69-dc9c81953c44]: Assigning socketPath: /tmp/fire_emu_31699.sock"}}
[debug] [2021-10-31T08:43:07.613Z] [worker-~diagnostic~-7eaab7db-b2c9-4ffa-bd69-dc9c81953c44]: BUSY {"metadata":{"emulator":{"name":"functions"},"message":"[worker-~diagnostic~-7eaab7db-b2c9-4ffa-bd69-dc9c81953c44]: BUSY"}}
[debug] [2021-10-31T08:43:07.809Z] [runtime-status] [31699] Functions runtime initialized. {"cwd":"/Users/kankunnawat/Code/amazon-clone-ver2/functions","node_version":"14.17.3"} {"metadata":{"emulator":{"name":"functions"},"message":"[runtime-status] [31699] Functions runtime initialized. {\"cwd\":\"/Users/kankunnawat/Code/amazon-clone-ver2/functions\",\"node_version\":\"14.17.3\"}"}}
[debug] [2021-10-31T08:43:07.810Z] [runtime-status] [31699] Disabled runtime features: undefined {"metadata":{"emulator":{"name":"functions"},"message":"[runtime-status] [31699] Disabled runtime features: undefined"}}
[debug] [2021-10-31T08:43:07.816Z] [runtime-status] [31699] Resolved module firebase-admin {"declared":true,"installed":true,"version":"9.12.0","resolution":"/Users/kankunnawat/Code/amazon-clone-ver2/functions/node_modules/firebase-admin/lib/index.js"} {"metadata":{"emulator":{"name":"functions"},"message":"[runtime-status] [31699] Resolved module firebase-admin {\"declared\":true,\"installed\":true,\"version\":\"9.12.0\",\"resolution\":\"/Users/kankunnawat/Code/amazon-clone-ver2/functions/node_modules/firebase-admin/lib/index.js\"}"}}
[debug] [2021-10-31T08:43:07.822Z] [runtime-status] [31699] Resolved module firebase-functions {"declared":true,"installed":true,"version":"3.16.0","resolution":"/Users/kankunnawat/Code/amazon-clone-ver2/functions/node_modules/firebase-functions/lib/index.js"} {"metadata":{"emulator":{"name":"functions"},"message":"[runtime-status] [31699] Resolved module firebase-functions {\"declared\":true,\"installed\":true,\"version\":\"3.16.0\",\"resolution\":\"/Users/kankunnawat/Code/amazon-clone-ver2/functions/node_modules/firebase-functions/lib/index.js\"}"}}
[debug] [2021-10-31T08:43:07.824Z] [runtime-status] [31699] Outgoing network have been stubbed. [{"name":"http","status":"mocked"},{"name":"http","status":"mocked"},{"name":"https","status":"mocked"},{"name":"https","status":"mocked"},{"name":"net","status":"mocked"}] {"metadata":{"emulator":{"name":"functions"},"message":"[runtime-status] [31699] Outgoing network have been stubbed. [{\"name\":\"http\",\"status\":\"mocked\"},{\"name\":\"http\",\"status\":\"mocked\"},{\"name\":\"https\",\"status\":\"mocked\"},{\"name\":\"https\",\"status\":\"mocked\"},{\"name\":\"net\",\"status\":\"mocked\"}]"}}
[debug] [2021-10-31T08:43:07.825Z] [runtime-status] [31699] Resolved module firebase-functions {"declared":true,"installed":true,"version":"3.16.0","resolution":"/Users/kankunnawat/Code/amazon-clone-ver2/functions/node_modules/firebase-functions/lib/index.js"} {"metadata":{"emulator":{"name":"functions"},"message":"[runtime-status] [31699] Resolved module firebase-functions {\"declared\":true,\"installed\":true,\"version\":\"3.16.0\",\"resolution\":\"/Users/kankunnawat/Code/amazon-clone-ver2/functions/node_modules/firebase-functions/lib/index.js\"}"}}
[debug] [2021-10-31T08:43:07.938Z] [runtime-status] [31699] Checked functions.config() {"config":{}} {"metadata":{"emulator":{"name":"functions"},"message":"[runtime-status] [31699] Checked functions.config() {\"config\":{}}"}}
[debug] [2021-10-31T08:43:07.938Z] [runtime-status] [31699] firebase-functions has been stubbed. {"functionsResolution":{"declared":true,"installed":true,"version":"3.16.0","resolution":"/Users/kankunnawat/Code/amazon-clone-ver2/functions/node_modules/firebase-functions/lib/index.js"}} {"metadata":{"emulator":{"name":"functions"},"message":"[runtime-status] [31699] firebase-functions has been stubbed. {\"functionsResolution\":{\"declared\":true,\"installed\":true,\"version\":\"3.16.0\",\"resolution\":\"/Users/kankunnawat/Code/amazon-clone-ver2/functions/node_modules/firebase-functions/lib/index.js\"}}"}}
[debug] [2021-10-31T08:43:07.938Z] [runtime-status] [31699] Resolved module firebase-functions {"declared":true,"installed":true,"version":"3.16.0","resolution":"/Users/kankunnawat/Code/amazon-clone-ver2/functions/node_modules/firebase-functions/lib/index.js"} {"metadata":{"emulator":{"name":"functions"},"message":"[runtime-status] [31699] Resolved module firebase-functions {\"declared\":true,\"installed\":true,\"version\":\"3.16.0\",\"resolution\":\"/Users/kankunnawat/Code/amazon-clone-ver2/functions/node_modules/firebase-functions/lib/index.js\"}"}}
[debug] [2021-10-31T08:43:07.939Z] [runtime-status] [31699] Resolved module firebase-admin {"declared":true,"installed":true,"version":"9.12.0","resolution":"/Users/kankunnawat/Code/amazon-clone-ver2/functions/node_modules/firebase-admin/lib/index.js"} {"metadata":{"emulator":{"name":"functions"},"message":"[runtime-status] [31699] Resolved module firebase-admin {\"declared\":true,\"installed\":true,\"version\":\"9.12.0\",\"resolution\":\"/Users/kankunnawat/Code/amazon-clone-ver2/functions/node_modules/firebase-admin/lib/index.js\"}"}}
[debug] [2021-10-31T08:43:07.940Z] [runtime-status] [31699] Resolved module firebase-functions {"declared":true,"installed":true,"version":"3.16.0","resolution":"/Users/kankunnawat/Code/amazon-clone-ver2/functions/node_modules/firebase-functions/lib/index.js"} {"metadata":{"emulator":{"name":"functions"},"message":"[runtime-status] [31699] Resolved module firebase-functions {\"declared\":true,\"installed\":true,\"version\":\"3.16.0\",\"resolution\":\"/Users/kankunnawat/Code/amazon-clone-ver2/functions/node_modules/firebase-functions/lib/index.js\"}"}}
[debug] [2021-10-31T08:43:07.940Z] [runtime-status] [31699] firebase-admin has been stubbed. {"adminResolution":{"declared":true,"installed":true,"version":"9.12.0","resolution":"/Users/kankunnawat/Code/amazon-clone-ver2/functions/node_modules/firebase-admin/lib/index.js"}} {"metadata":{"emulator":{"name":"functions"},"message":"[runtime-status] [31699] firebase-admin has been stubbed. {\"adminResolution\":{\"declared\":true,\"installed\":true,\"version\":\"9.12.0\",\"resolution\":\"/Users/kankunnawat/Code/amazon-clone-ver2/functions/node_modules/firebase-admin/lib/index.js\"}}"}}
[info] ✔  functions[us-central1-api]: http function initialized (http://localhost:5001/clone-ver2/us-central1/api). {"metadata":{"emulator":{"name":"functions"},"message":"\u001b[1mhttp\u001b[22m function initialized (http://localhost:5001/clone-ver2/us-central1/api)."}}
[info] 
┌─────────────────────────────────────────────────────────────┐
│ ✔  All emulators ready! It is now safe to connect your app. │
│ i  View Emulator UI at http://localhost:4000                │
└─────────────────────────────────────────────────────────────┘

┌───────────┬────────────────┬─────────────────────────────────┐
│ Emulator  │ Host:Port      │ View in Emulator UI             │
├───────────┼────────────────┼─────────────────────────────────┤
│ Functions │ localhost:5001 │ http://localhost:4000/functions │
└───────────┴────────────────┴─────────────────────────────────┘
  Emulator Hub running at localhost:4400
  Other reserved ports: 4500

Issues? Report them at https://github.com/firebase/firebase-tools/issues and attach the *-debug.log files.
 
[debug] [2021-10-31T08:43:08.239Z] [worker-~diagnostic~-7eaab7db-b2c9-4ffa-bd69-dc9c81953c44]: IDLE {"metadata":{"emulator":{"name":"functions"},"message":"[worker-~diagnostic~-7eaab7db-b2c9-4ffa-bd69-dc9c81953c44]: IDLE"}}
[debug] [2021-10-31T08:43:19.294Z] [work-queue] {"queueLength":1,"workRunningCount":0}
[debug] [2021-10-31T08:43:19.295Z] [work-queue] {"queueLength":0,"workRunningCount":1}
[debug] [2021-10-31T08:43:19.297Z] [work-queue] {"queueLength":0,"workRunningCount":0}
